This is pdfTeX, Version 3.1415926-2.5-1.40.14 (TeX Live 2013) (format=pdflatex 2013.5.30)  29 OCT 2014 22:01
entering extended mode
 restricted \write18 enabled.
 file:line:error style messages enabled.
 %&-line parsing enabled.
**project_report.tex
(./project_report.tex
LaTeX2e <2011/06/27>
Babel <3.9f> and hyphenation patterns for 78 languages loaded.
(/usr/local/texlive/2013/texmf-dist/tex/latex/ctex/ctexart.cls
Document Class: ctexart 2011/03/11 v1.02c ctexart document class
(/usr/local/texlive/2013/texmf-dist/tex/latex/ctex/opt/ctex-common-opts.def)
(/usr/local/texlive/2013/texmf-dist/tex/latex/ctex/opt/ctex-caption-opts.def
\c@CTEX@sectiondepth=\count79
)
(/usr/local/texlive/2013/texmf-dist/tex/latex/ctex/opt/ctex-class-opts.def)
(/usr/local/texlive/2013/texmf-dist/tex/latex/ctex/def/ctex-loadclass.def
(/usr/local/texlive/2013/texmf-dist/tex/latex/base/article.cls
Document Class: article 2007/10/19 v1.4h Standard LaTeX document class
(/usr/local/texlive/2013/texmf-dist/tex/latex/base/size12.clo
File: size12.clo 2007/10/19 v1.4h Standard LaTeX file (size option)
)
\c@part=\count80
\c@section=\count81
\c@subsection=\count82
\c@subsubsection=\count83
\c@paragraph=\count84
\c@subparagraph=\count85
\c@figure=\count86
\c@table=\count87
\abovecaptionskip=\skip41
\belowcaptionskip=\skip42
\bibindent=\dimen102
))
(/usr/local/texlive/2013/texmf-dist/tex/latex/ctex/def/ctex-common.def
(/usr/local/texlive/2013/texmf-dist/tex/latex/l3kernel/expl3.sty
(/usr/local/texlive/2013/texmf-dist/tex/latex/l3kernel/l3names.sty
(/usr/local/texlive/2013/texmf-dist/tex/latex/l3kernel/l3bootstrap.sty
Package: l3bootstrap 2013/01/08 v4420 L3 Experimental bootstrap code
)
Package: l3names 2012/12/07 v4346 L3 Namespace for primitives
)
(/usr/local/texlive/2013/texmf-dist/tex/latex/etex-pkg/etex.sty
Package: etex 1998/03/26 v2.0 eTeX basic definition package (PEB)
\et@xins=\count88
)
Package: expl3 2013/03/14 v4469 L3 Experimental code bundle wrapper

(/usr/local/texlive/2013/texmf-dist/tex/latex/l3kernel/l3basics.sty
Package: l3basics 2013/01/10 v4428 L3 Basic definitions
)
(/usr/local/texlive/2013/texmf-dist/tex/latex/l3kernel/l3expan.sty
Package: l3expan 2013/02/03 v4458 L3 Argument expansion
)
(/usr/local/texlive/2013/texmf-dist/tex/latex/l3kernel/l3tl.sty
Package: l3tl 2013/01/08 v4415 L3 Token lists
)
(/usr/local/texlive/2013/texmf-dist/tex/latex/l3kernel/l3seq.sty
Package: l3seq 2013/01/12 v4434 L3 Sequences and stacks
)
(/usr/local/texlive/2013/texmf-dist/tex/latex/l3kernel/l3int.sty
Package: l3int 2013/01/13 v4444 L3 Integers
\c_max_int=\count89
\l_tmpa_int=\count90
\l_tmpb_int=\count91
\g_tmpa_int=\count92
\g_tmpb_int=\count93
)
(/usr/local/texlive/2013/texmf-dist/tex/latex/l3kernel/l3quark.sty
Package: l3quark 2012/11/04 v4268 L3 Quarks
)
(/usr/local/texlive/2013/texmf-dist/tex/latex/l3kernel/l3prg.sty
Package: l3prg 2013/02/13 v4459 L3 Control structures
\g__prg_map_int=\count94
)
(/usr/local/texlive/2013/texmf-dist/tex/latex/l3kernel/l3clist.sty
Package: l3clist 2013/01/08 v4414 L3 Comma separated lists
)
(/usr/local/texlive/2013/texmf-dist/tex/latex/l3kernel/l3token.sty
Package: l3token 2013/01/10 v4428 L3 Experimental token manipulation
)
(/usr/local/texlive/2013/texmf-dist/tex/latex/l3kernel/l3prop.sty
Package: l3prop 2013/01/09 v4423 L3 Property lists
)
(/usr/local/texlive/2013/texmf-dist/tex/latex/l3kernel/l3msg.sty
Package: l3msg 2013/01/08 v4412 L3 Messages
)
(/usr/local/texlive/2013/texmf-dist/tex/latex/l3kernel/l3file.sty
Package: l3file 2013/01/14 v4446 L3 File and I/O operations
\l_iow_line_count_int=\count95
\l__iow_target_count_int=\count96
\l__iow_current_line_int=\count97
\l__iow_current_word_int=\count98
\l__iow_current_indentation_int=\count99
)
(/usr/local/texlive/2013/texmf-dist/tex/latex/l3kernel/l3skip.sty
Package: l3skip 2013/01/13 v4444 L3 Dimensions and skips
\c_zero_dim=\dimen103
\c_max_dim=\dimen104
\l_tmpa_dim=\dimen105
\l_tmpb_dim=\dimen106
\g_tmpa_dim=\dimen107
\g_tmpb_dim=\dimen108
\c_zero_skip=\skip43
\c_max_skip=\skip44
\l_tmpa_skip=\skip45
\l_tmpb_skip=\skip46
\g_tmpa_skip=\skip47
\g_tmpb_skip=\skip48
\c_zero_muskip=\muskip10
\c_max_muskip=\muskip11
\l_tmpa_muskip=\muskip12
\l_tmpb_muskip=\muskip13
\g_tmpa_muskip=\muskip14
\g_tmpb_muskip=\muskip15
)
(/usr/local/texlive/2013/texmf-dist/tex/latex/l3kernel/l3keys.sty
Package: l3keys 2013/02/24 v4461 L3 Experimental key-value interfaces
\g__keyval_level_int=\count100
\l_keys_choice_int=\count101
)
(/usr/local/texlive/2013/texmf-dist/tex/latex/l3kernel/l3fp.sty
Package: l3fp 2013/01/19 v4449 L3 Floating points
\c__fp_leading_shift_int=\count102
\c__fp_middle_shift_int=\count103
\c__fp_trailing_shift_int=\count104
\c__fp_big_leading_shift_int=\count105
\c__fp_big_middle_shift_int=\count106
\c__fp_big_trailing_shift_int=\count107
\c__fp_Bigg_leading_shift_int=\count108
\c__fp_Bigg_middle_shift_int=\count109
\c__fp_Bigg_trailing_shift_int=\count110
)
(/usr/local/texlive/2013/texmf-dist/tex/latex/l3kernel/l3box.sty
Package: l3box 2013/01/08 v4411 L3 Experimental boxes
\c_empty_box=\box26
\l_tmpa_box=\box27
\l_tmpb_box=\box28
\g_tmpa_box=\box29
\g_tmpb_box=\box30
)
(/usr/local/texlive/2013/texmf-dist/tex/latex/l3kernel/l3coffins.sty
Package: l3coffins 2012/09/09 v4212 L3 Coffin code layer
\l__coffin_internal_box=\box31
\l__coffin_internal_dim=\dimen109
\l__coffin_offset_x_dim=\dimen110
\l__coffin_offset_y_dim=\dimen111
\l__coffin_x_dim=\dimen112
\l__coffin_y_dim=\dimen113
\l__coffin_x_prime_dim=\dimen114
\l__coffin_y_prime_dim=\dimen115
\c_empty_coffin=\box32
\l__coffin_aligned_coffin=\box33
\l__coffin_aligned_internal_coffin=\box34
\l_tmpa_coffin=\box35
\l_tmpb_coffin=\box36
\l__coffin_display_coffin=\box37
\l__coffin_display_coord_coffin=\box38
\l__coffin_display_pole_coffin=\box39
\l__coffin_display_offset_dim=\dimen116
\l__coffin_display_x_dim=\dimen117
\l__coffin_display_y_dim=\dimen118
)
(/usr/local/texlive/2013/texmf-dist/tex/latex/l3kernel/l3color.sty
Package: l3color 2012/08/29 v4156 L3 Experimental color support
)
(/usr/local/texlive/2013/texmf-dist/tex/latex/l3kernel/l3luatex.sty
Package: l3luatex 2012/08/03 v4049 L3 Experimental LuaTeX-specific functions
\g__cctab_allocate_int=\count111
\g__cctab_stack_int=\count112
)
(/usr/local/texlive/2013/texmf-dist/tex/latex/l3kernel/l3candidates.sty
Package: l3candidates 2013/03/14 v4468 L3 Experimental additions to l3kernel
\l__box_top_dim=\dimen119
\l__box_bottom_dim=\dimen120
\l__box_left_dim=\dimen121
\l__box_right_dim=\dimen122
\l__box_top_new_dim=\dimen123
\l__box_bottom_new_dim=\dimen124
\l__box_left_new_dim=\dimen125
\l__box_right_new_dim=\dimen126
\l__box_internal_box=\box40
\l__coffin_bounding_shift_dim=\dimen127
\l__coffin_left_corner_dim=\dimen128
\l__coffin_right_corner_dim=\dimen129
\l__coffin_bottom_corner_dim=\dimen130
\l__coffin_top_corner_dim=\dimen131
\l__coffin_scaled_total_height_dim=\dimen132
\l__coffin_scaled_width_dim=\dimen133
)
(/usr/local/texlive/2013/texmf-dist/tex/generic/oberdiek/ifpdf.sty
Package: ifpdf 2011/01/30 v2.3 Provides the ifpdf switch (HO)
Package ifpdf Info: pdfTeX in PDF mode is detected.
))
(/usr/local/texlive/2013/texmf-dist/tex/latex/etoolbox/etoolbox.sty
Package: etoolbox 2011/01/03 v2.1 e-TeX tools for LaTeX
\etb@tempcnta=\count113
)
(/usr/local/texlive/2013/texmf-dist/tex/generic/ifxetex/ifxetex.sty
Package: ifxetex 2010/09/12 v0.6 Provides ifxetex conditional
)
(/usr/local/texlive/2013/texmf-dist/tex/latex/graphics/keyval.sty
Package: keyval 1999/03/16 v1.13 key=value parser (DPC)
\KV@toks@=\toks14
)
(/usr/local/texlive/2013/texmf-dist/tex/latex/tools/indentfirst.sty
Package: indentfirst 1995/11/23 v1.03 Indent first paragraph (DPC)
)
(/usr/local/texlive/2013/texmf-dist/tex/latex/base/fix-cm.sty
Package: fix-cm 2006/09/13 v1.1m fixes to LaTeX

(/usr/local/texlive/2013/texmf-dist/tex/latex/base/ts1enc.def
File: ts1enc.def 2001/06/05 v3.0e (jk/car/fm) Standard LaTeX file
))
(/usr/local/texlive/2013/texmf-dist/tex/latex/ctex/engine/ctex-cjk-engine.def
(/usr/local/texlive/2013/texmf-dist/tex/latex/cjk/texinput/CJK.sty
Package: CJK 2012/05/07 4.8.3

(/usr/local/texlive/2013/texmf-dist/tex/latex/cjk/texinput/mule/MULEenc.sty
Package: MULEenc 2012/05/07 4.8.3
)
(/usr/local/texlive/2013/texmf-dist/tex/latex/cjk/texinput/CJK.enc
File: CJK.enc 2012/05/07 4.8.3
)
LaTeX Info: Redefining \selectfont on input line 755.
\CJK@indent=\box41
)
(/usr/local/texlive/2013/texmf-dist/tex/latex/cjkpunct/CJKpunct.sty
Package: CJKpunct 2009/05/06 4.8.2
\CJKpunct@cnta=\count114
\CJKpunct@cntb=\count115
\CJKpunct@cntc=\count116
\CJKpunct@cntd=\count117
\CJKpunct@cnte=\count118
)
(/usr/local/texlive/2013/texmf-dist/tex/latex/ctex/engine/ctex-cjk-common.def
\ccwd=\dimen134
)
(/usr/local/texlive/2013/texmf-dist/tex/latex/ctex/fontset/ctex-cjk-winfonts.de
f (/usr/local/texlive/2013/texmf-dist/tex/generic/zhmetrics/zhwinfonts.tex
(/usr/local/texlive/2013/texmf-dist/tex/generic/oberdiek/ifpdf.sty
Package ifpdf Info: The package is already loaded, stopped on input line 64.
){/usr/local/texlive/2013/texmf-var/fonts/map/pdftex/updmap/pdftex.map}{UGBK.sf
d}{Unicode.sfd})))
\CTEX@q=\count119
\CTEX@r=\count120
) (/usr/local/texlive/2013/texmf-dist/tex/latex/ctex/def/ctex-caption.def) (/us
r/local/texlive/2013/texmf-dist/tex/latex/ctex/def/ctex-class.def)
(/usr/local/texlive/2013/texmf-dist/tex/latex/ctex/def/ctex-article.def))
(/usr/local/texlive/2013/texmf-dist/tex/latex/ctex/def/ctex-gbk.def)
(/usr/local/texlive/2013/texmf-dist/tex/latex/ctex/cfg/ctexcap.cfg
(/usr/local/texlive/2013/texmf-dist/tex/latex/ctex/cfg/ctexcap-gbk.cfg))
(/usr/local/texlive/2013/texmf-dist/tex/latex/ctex/cfg/ctex.cfg)
(/usr/local/texlive/2013/texmf-dist/tex/generic/babel/babel.sty
Package: babel 2013/05/16 v3.9f The Babel package

(/usr/local/texlive/2013/texmf-dist/tex/generic/babel-english/english.ldf
Language: english 2012/08/20 v3.3p English support from the babel system

(/usr/local/texlive/2013/texmf-dist/tex/generic/babel/babel.def
File: babel.def 2013/05/16 v3.9f Babel common definitions
\babel@savecnt=\count121
\U@D=\dimen135
)
\l@canadian = a dialect from \language\l@american 
\l@australian = a dialect from \language\l@british 
\l@newzealand = a dialect from \language\l@british 
))
(/usr/local/texlive/2013/texmf-dist/tex/latex/preprint/fullpage.sty
Package: fullpage 1999/02/23 1.1 (PWD)
\FP@margin=\skip49
)
(/usr/local/texlive/2013/texmf-dist/tex/latex/psnfss/mathpazo.sty
Package: mathpazo 2005/04/12 PSNFSS-v9.2a Palatino w/ Pazo Math (D.Puga, WaS) 
\symupright=\mathgroup4
)
(/usr/local/texlive/2013/texmf-dist/tex/latex/amsfonts/amsfonts.sty
Package: amsfonts 2013/01/14 v3.01 Basic AMSFonts support
\@emptytoks=\toks15
\symAMSa=\mathgroup5
\symAMSb=\mathgroup6
LaTeX Font Info:    Overwriting math alphabet `\mathfrak' in version `bold'
(Font)                  U/euf/m/n --> U/euf/b/n on input line 106.
)
(/usr/local/texlive/2013/texmf-dist/tex/latex/units/nicefrac.sty
Package: nicefrac 1998/08/04 v0.9b Nice fractions
\L@UnitsRaiseDisplaystyle=\skip50
\L@UnitsRaiseTextstyle=\skip51
\L@UnitsRaiseScriptstyle=\skip52

(/usr/local/texlive/2013/texmf-dist/tex/latex/base/ifthen.sty
Package: ifthen 2001/05/26 v1.1c Standard LaTeX ifthen package (DPC)
))
(/usr/local/texlive/2013/texmf-dist/tex/latex/mh/mathtools.sty
Package: mathtools 2013/02/12 v1.13 mathematical typesetting tools

(/usr/local/texlive/2013/texmf-dist/tex/latex/tools/calc.sty
Package: calc 2007/08/22 v4.3 Infix arithmetic (KKT,FJ)
\calc@Acount=\count122
\calc@Bcount=\count123
\calc@Adimen=\dimen136
\calc@Bdimen=\dimen137
\calc@Askip=\skip53
\calc@Bskip=\skip54
LaTeX Info: Redefining \setlength on input line 76.
LaTeX Info: Redefining \addtolength on input line 77.
\calc@Ccount=\count124
\calc@Cskip=\skip55
)
(/usr/local/texlive/2013/texmf-dist/tex/latex/mh/mhsetup.sty
Package: mhsetup 2010/01/21 v1.2a programming setup (MH)
)
(/usr/local/texlive/2013/texmf-dist/tex/latex/amsmath/amsmath.sty
Package: amsmath 2013/01/14 v2.14 AMS math features
\@mathmargin=\skip56

For additional information on amsmath, use the `?' option.
(/usr/local/texlive/2013/texmf-dist/tex/latex/amsmath/amstext.sty
Package: amstext 2000/06/29 v2.01

(/usr/local/texlive/2013/texmf-dist/tex/latex/amsmath/amsgen.sty
File: amsgen.sty 1999/11/30 v2.0
\@emptytoks=\toks16
\ex@=\dimen138
))
(/usr/local/texlive/2013/texmf-dist/tex/latex/amsmath/amsbsy.sty
Package: amsbsy 1999/11/29 v1.2d
\pmbraise@=\dimen139
)
(/usr/local/texlive/2013/texmf-dist/tex/latex/amsmath/amsopn.sty
Package: amsopn 1999/12/14 v2.01 operator names
)
\inf@bad=\count125
LaTeX Info: Redefining \frac on input line 210.
\uproot@=\count126
\leftroot@=\count127
LaTeX Info: Redefining \overline on input line 306.
\classnum@=\count128
\DOTSCASE@=\count129
LaTeX Info: Redefining \ldots on input line 378.
LaTeX Info: Redefining \dots on input line 381.
LaTeX Info: Redefining \cdots on input line 466.
\Mathstrutbox@=\box42
\strutbox@=\box43
\big@size=\dimen140
LaTeX Font Info:    Redeclaring font encoding OML on input line 566.
LaTeX Font Info:    Redeclaring font encoding OMS on input line 567.
\macc@depth=\count130
\c@MaxMatrixCols=\count131
\dotsspace@=\muskip16
\c@parentequation=\count132
\dspbrk@lvl=\count133
\tag@help=\toks17
\row@=\count134
\column@=\count135
\maxfields@=\count136
\andhelp@=\toks18
\eqnshift@=\dimen141
\alignsep@=\dimen142
\tagshift@=\dimen143
\tagwidth@=\dimen144
\totwidth@=\dimen145
\lineht@=\dimen146
\@envbody=\toks19
\multlinegap=\skip57
\multlinetaggap=\skip58
\mathdisplay@stack=\toks20
LaTeX Info: Redefining \[ on input line 2665.
LaTeX Info: Redefining \] on input line 2666.
)
LaTeX Info: Thecontrolsequence`\['isalreadyrobust on input line 129.
LaTeX Info: Thecontrolsequence`\]'isalreadyrobust on input line 129.
\g_MT_multlinerow_int=\count137
\l_MT_multwidth_dim=\dimen147
\origjot=\skip59
\l_MT_shortvdotswithinadjustabove_dim=\dimen148
\l_MT_shortvdotswithinadjustbelow_dim=\dimen149
\l_MT_above_intertext_sep=\dimen150
\l_MT_below_intertext_sep=\dimen151
\l_MT_above_shortintertext_sep=\dimen152
\l_MT_below_shortintertext_sep=\dimen153
)
(/usr/local/texlive/2013/texmf-dist/tex/latex/amsfonts/amssymb.sty
Package: amssymb 2013/01/14 v3.01 AMS font symbols
)
(/usr/local/texlive/2013/texmf-dist/tex/latex/float/float.sty
Package: float 2001/11/08 v1.3d Float enhancements (AL)
\c@float@type=\count138
\float@exts=\toks21
\float@box=\box44
\@float@everytoks=\toks22
\@floatcapt=\box45
)
(/usr/local/texlive/2013/texmf-dist/tex/latex/hyperref/hyperref.sty
Package: hyperref 2012/11/06 v6.83m Hypertext links for LaTeX

(/usr/local/texlive/2013/texmf-dist/tex/generic/oberdiek/hobsub-hyperref.sty
Package: hobsub-hyperref 2012/05/28 v1.13 Bundle oberdiek, subset hyperref (HO)


(/usr/local/texlive/2013/texmf-dist/tex/generic/oberdiek/hobsub-generic.sty
Package: hobsub-generic 2012/05/28 v1.13 Bundle oberdiek, subset generic (HO)
Package: hobsub 2012/05/28 v1.13 Construct package bundles (HO)
Package: infwarerr 2010/04/08 v1.3 Providing info/warning/error messages (HO)
Package: ltxcmds 2011/11/09 v1.22 LaTeX kernel commands for general use (HO)
Package: ifluatex 2010/03/01 v1.3 Provides the ifluatex switch (HO)
Package ifluatex Info: LuaTeX not detected.
Package: ifvtex 2010/03/01 v1.5 Detect VTeX and its facilities (HO)
Package ifvtex Info: VTeX not detected.
Package: intcalc 2007/09/27 v1.1 Expandable calculations with integers (HO)
Package hobsub Info: Skipping package `ifpdf' (already loaded).
Package: etexcmds 2011/02/16 v1.5 Avoid name clashes with e-TeX commands (HO)
Package etexcmds Info: Could not find \expanded.
(etexcmds)             That can mean that you are not using pdfTeX 1.50 or
(etexcmds)             that some package has redefined \expanded.
(etexcmds)             In the latter case, load this package earlier.
Package: kvsetkeys 2012/04/25 v1.16 Key value parser (HO)
Package: kvdefinekeys 2011/04/07 v1.3 Define keys (HO)
Package: pdftexcmds 2011/11/29 v0.20 Utility functions of pdfTeX for LuaTeX (HO
)
Package pdftexcmds Info: LuaTeX not detected.
Package pdftexcmds Info: \pdf@primitive is available.
Package pdftexcmds Info: \pdf@ifprimitive is available.
Package pdftexcmds Info: \pdfdraftmode found.
Package: pdfescape 2011/11/25 v1.13 Implements pdfTeX's escape features (HO)
Package: bigintcalc 2012/04/08 v1.3 Expandable calculations on big integers (HO
)
Package: bitset 2011/01/30 v1.1 Handle bit-vector datatype (HO)
Package: uniquecounter 2011/01/30 v1.2 Provide unlimited unique counter (HO)
)
Package hobsub Info: Skipping package `hobsub' (already loaded).
Package: letltxmacro 2010/09/02 v1.4 Let assignment for LaTeX macros (HO)
Package: hopatch 2012/05/28 v1.2 Wrapper for package hooks (HO)
Package: xcolor-patch 2011/01/30 xcolor patch
Package: atveryend 2011/06/30 v1.8 Hooks at the very end of document (HO)
Package: atbegshi 2011/10/05 v1.16 At begin shipout hook (HO)
Package: refcount 2011/10/16 v3.4 Data extraction from label references (HO)
Package: hycolor 2011/01/30 v1.7 Color options for hyperref/bookmark (HO)
)
(/usr/local/texlive/2013/texmf-dist/tex/latex/oberdiek/auxhook.sty
Package: auxhook 2011/03/04 v1.3 Hooks for auxiliary files (HO)
)
(/usr/local/texlive/2013/texmf-dist/tex/latex/oberdiek/kvoptions.sty
Package: kvoptions 2011/06/30 v3.11 Key value format for package options (HO)
)
\@linkdim=\dimen154
\Hy@linkcounter=\count139
\Hy@pagecounter=\count140

(/usr/local/texlive/2013/texmf-dist/tex/latex/hyperref/pd1enc.def
File: pd1enc.def 2012/11/06 v6.83m Hyperref: PDFDocEncoding definition (HO)
)
\Hy@SavedSpaceFactor=\count141

(/usr/local/texlive/2013/texmf-dist/tex/latex/latexconfig/hyperref.cfg
File: hyperref.cfg 2002/06/06 v1.2 hyperref configuration of TeXLive
)
Package hyperref Info: Hyper figures OFF on input line 4443.
Package hyperref Info: Link nesting OFF on input line 4448.
Package hyperref Info: Hyper index ON on input line 4451.
Package hyperref Info: Plain pages OFF on input line 4458.
Package hyperref Info: Backreferencing OFF on input line 4463.
Package hyperref Info: Implicit mode ON; LaTeX internals redefined.
Package hyperref Info: Bookmarks ON on input line 4688.
\c@Hy@tempcnt=\count142

(/usr/local/texlive/2013/texmf-dist/tex/latex/url/url.sty
\Urlmuskip=\muskip17
Package: url 2006/04/12  ver 3.3  Verb mode for urls, etc.
)
LaTeX Info: Redefining \url on input line 5041.
\XeTeXLinkMargin=\dimen155
\Fld@menulength=\count143
\Field@Width=\dimen156
\Fld@charsize=\dimen157
Package hyperref Info: Hyper figures OFF on input line 6295.
Package hyperref Info: Link nesting OFF on input line 6300.
Package hyperref Info: Hyper index ON on input line 6303.
Package hyperref Info: backreferencing OFF on input line 6310.
Package hyperref Info: Link coloring OFF on input line 6315.
Package hyperref Info: Link coloring with OCG OFF on input line 6320.
Package hyperref Info: PDF/A mode OFF on input line 6325.
LaTeX Info: Redefining \ref on input line 6365.
LaTeX Info: Redefining \pageref on input line 6369.
\Hy@abspage=\count144
\c@Item=\count145
\c@Hfootnote=\count146
)

Package hyperref Message: Driver (autodetected): hpdftex.

(/usr/local/texlive/2013/texmf-dist/tex/latex/hyperref/hpdftex.def
File: hpdftex.def 2012/11/06 v6.83m Hyperref driver for pdfTeX
\Fld@listcount=\count147
\c@bookmark@seq@number=\count148

(/usr/local/texlive/2013/texmf-dist/tex/latex/oberdiek/rerunfilecheck.sty
Package: rerunfilecheck 2011/04/15 v1.7 Rerun checks for auxiliary files (HO)
Package uniquecounter Info: New unique counter `rerunfilecheck' on input line 2
82.
)
\Hy@SectionHShift=\skip60
)
(./project_report.aux)
\openout1 = `project_report.aux'.

LaTeX Font Info:    Checking defaults for OML/cmm/m/it on input line 20.
LaTeX Font Info:    ... okay on input line 20.
LaTeX Font Info:    Checking defaults for T1/cmr/m/n on input line 20.
LaTeX Font Info:    ... okay on input line 20.
LaTeX Font Info:    Checking defaults for OT1/cmr/m/n on input line 20.
LaTeX Font Info:    ... okay on input line 20.
LaTeX Font Info:    Checking defaults for OMS/cmsy/m/n on input line 20.
LaTeX Font Info:    ... okay on input line 20.
LaTeX Font Info:    Checking defaults for OMX/cmex/m/n on input line 20.
LaTeX Font Info:    ... okay on input line 20.
LaTeX Font Info:    Checking defaults for U/cmr/m/n on input line 20.
LaTeX Font Info:    ... okay on input line 20.
LaTeX Font Info:    Checking defaults for TS1/cmr/m/n on input line 20.
LaTeX Font Info:    ... okay on input line 20.
LaTeX Font Info:    Checking defaults for C00/song/m/n on input line 20.
LaTeX Font Info:    ... okay on input line 20.
LaTeX Font Info:    Checking defaults for C05/song/m/n on input line 20.
LaTeX Font Info:    ... okay on input line 20.
LaTeX Font Info:    Checking defaults for C09/song/m/n on input line 20.
LaTeX Font Info:    ... okay on input line 20.
LaTeX Font Info:    Checking defaults for C10/song/m/n on input line 20.
LaTeX Font Info:    ... okay on input line 20.
LaTeX Font Info:    Checking defaults for C20/song/m/n on input line 20.
LaTeX Font Info:    ... okay on input line 20.
LaTeX Font Info:    Checking defaults for C19/song/m/n on input line 20.
LaTeX Font Info:    ... okay on input line 20.
LaTeX Font Info:    Checking defaults for C40/song/m/n on input line 20.
LaTeX Font Info:    ... okay on input line 20.
LaTeX Font Info:    Checking defaults for C42/song/m/n on input line 20.
LaTeX Font Info:    ... okay on input line 20.
LaTeX Font Info:    Checking defaults for C43/song/m/n on input line 20.
LaTeX Font Info:    ... okay on input line 20.
LaTeX Font Info:    Checking defaults for C50/song/m/n on input line 20.
LaTeX Font Info:    ... okay on input line 20.
LaTeX Font Info:    Checking defaults for C52/song/m/n on input line 20.
LaTeX Font Info:    ... okay on input line 20.
LaTeX Font Info:    Checking defaults for C49/song/m/n on input line 20.
LaTeX Font Info:    ... okay on input line 20.
LaTeX Font Info:    Checking defaults for C60/mj/m/n on input line 20.
LaTeX Font Info:    ... okay on input line 20.
LaTeX Font Info:    Checking defaults for C61/mj/m/n on input line 20.
LaTeX Font Info:    ... okay on input line 20.
LaTeX Font Info:    Checking defaults for C63/mj/m/n on input line 20.
LaTeX Font Info:    ... okay on input line 20.
LaTeX Font Info:    Checking defaults for C64/mj/m/n on input line 20.
LaTeX Font Info:    ... okay on input line 20.
LaTeX Font Info:    Checking defaults for C65/mj/m/n on input line 20.
LaTeX Font Info:    ... okay on input line 20.
LaTeX Font Info:    Checking defaults for C70/song/m/n on input line 20.
LaTeX Font Info:    ... okay on input line 20.
LaTeX Font Info:    Checking defaults for C31/song/m/n on input line 20.
LaTeX Font Info:    ... okay on input line 20.
LaTeX Font Info:    Checking defaults for C32/song/m/n on input line 20.
LaTeX Font Info:    ... okay on input line 20.
LaTeX Font Info:    Checking defaults for C33/song/m/n on input line 20.
LaTeX Font Info:    ... okay on input line 20.
LaTeX Font Info:    Checking defaults for C34/song/m/n on input line 20.
LaTeX Font Info:    ... okay on input line 20.
LaTeX Font Info:    Checking defaults for C35/song/m/n on input line 20.
LaTeX Font Info:    ... okay on input line 20.
LaTeX Font Info:    Checking defaults for C36/song/m/n on input line 20.
LaTeX Font Info:    ... okay on input line 20.
LaTeX Font Info:    Checking defaults for C37/song/m/n on input line 20.
LaTeX Font Info:    ... okay on input line 20.
LaTeX Font Info:    Checking defaults for C80/song/m/n on input line 20.
LaTeX Font Info:    ... okay on input line 20.
LaTeX Font Info:    Checking defaults for C81/song/m/n on input line 20.
LaTeX Font Info:    ... okay on input line 20.
LaTeX Font Info:    Checking defaults for C01/song/m/n on input line 20.
LaTeX Font Info:    ... okay on input line 20.
LaTeX Font Info:    Checking defaults for C11/song/m/n on input line 20.
LaTeX Font Info:    ... okay on input line 20.
LaTeX Font Info:    Checking defaults for C21/song/m/n on input line 20.
LaTeX Font Info:    ... okay on input line 20.
LaTeX Font Info:    Checking defaults for C41/song/m/n on input line 20.
LaTeX Font Info:    ... okay on input line 20.
LaTeX Font Info:    Checking defaults for C62/song/m/n on input line 20.
LaTeX Font Info:    ... okay on input line 20.
LaTeX Font Info:    Checking defaults for PD1/pdf/m/n on input line 20.
LaTeX Font Info:    ... okay on input line 20.
LaTeX Font Info:    Try loading font information for OT1+ppl on input line 20.

(/usr/local/texlive/2013/texmf-dist/tex/latex/psnfss/ot1ppl.fd
File: ot1ppl.fd 2001/06/04 font definitions for OT1/ppl.
)
(/usr/local/texlive/2013/texmf-dist/tex/latex/graphics/graphics.sty
Package: graphics 2009/02/05 v1.0o Standard LaTeX Graphics (DPC,SPQR)

(/usr/local/texlive/2013/texmf-dist/tex/latex/graphics/trig.sty
Package: trig 1999/03/16 v1.09 sin cos tan (DPC)
)
(/usr/local/texlive/2013/texmf-dist/tex/latex/latexconfig/graphics.cfg
File: graphics.cfg 2010/04/23 v1.9 graphics configuration of TeX Live
)
Package graphics Info: Driver file: pdftex.def on input line 91.

(/usr/local/texlive/2013/texmf-dist/tex/latex/pdftex-def/pdftex.def
File: pdftex.def 2011/05/27 v0.06d Graphics/color for pdfTeX
\Gread@gobject=\count149

(/usr/local/texlive/2013/texmf-dist/tex/context/base/supp-pdf.mkii
[Loading MPS to PDF converter (version 2006.09.02).]
\scratchcounter=\count150
\scratchdimen=\dimen158
\scratchbox=\box46
\nofMPsegments=\count151
\nofMParguments=\count152
\everyMPshowfont=\toks23
\MPscratchCnt=\count153
\MPscratchDim=\dimen159
\MPnumerator=\count154
\makeMPintoPDFobject=\count155
\everyMPtoPDFconversion=\toks24
))) (/usr/local/texlive/2013/texmf-dist/tex/latex/oberdiek/epstopdf-base.sty
Package: epstopdf-base 2010/02/09 v2.5 Base part for package epstopdf

(/usr/local/texlive/2013/texmf-dist/tex/latex/oberdiek/grfext.sty
Package: grfext 2010/08/19 v1.1 Manage graphics extensions (HO)
)
Package grfext Info: Graphics extension search list:
(grfext)             [.png,.pdf,.jpg,.mps,.jpeg,.jbig2,.jb2,.PNG,.PDF,.JPG,.JPE
G,.JBIG2,.JB2,.eps]
(grfext)             \AppendGraphicsExtensions on input line 452.

(/usr/local/texlive/2013/texmf-dist/tex/latex/latexconfig/epstopdf-sys.cfg
File: epstopdf-sys.cfg 2010/07/13 v1.3 Configuration of (r)epstopdf for TeX Liv
e
))
(/usr/local/texlive/2013/texmf-dist/tex/latex/graphics/graphicx.sty
Package: graphicx 1999/02/16 v1.0f Enhanced LaTeX Graphics (DPC,SPQR)
\Gin@req@height=\dimen160
\Gin@req@width=\dimen161
)
\AtBeginShipoutBox=\box47
Package hyperref Info: Link coloring OFF on input line 20.

(/usr/local/texlive/2013/texmf-dist/tex/latex/hyperref/nameref.sty
Package: nameref 2012/10/27 v2.43 Cross-referencing by name of section

(/usr/local/texlive/2013/texmf-dist/tex/generic/oberdiek/gettitlestring.sty
Package: gettitlestring 2010/12/03 v1.4 Cleanup title references (HO)
)
\c@section@level=\count156
)
LaTeX Info: Redefining \ref on input line 20.
LaTeX Info: Redefining \pageref on input line 20.
LaTeX Info: Redefining \nameref on input line 20.

(./project_report.out) (./project_report.out)
\@outlinefile=\write3
\openout3 = `project_report.out'.


(/usr/local/texlive/2013/texmf-dist/tex/latex/cjk/texinput/standard.bdg
File: standard.bdg 2012/05/07 4.8.3
)
(/usr/local/texlive/2013/texmf-dist/tex/latex/cjk/texinput/extended.enc
File: extended.enc 2012/05/07 4.8.3
)
(/usr/local/texlive/2013/texmf-dist/tex/latex/cjk/texinput/extended.chr
File: extended.chr 2012/05/07 4.8.3
)
LaTeX Font Info:    Try loading font information for OML+zplm on input line 23.


(/usr/local/texlive/2013/texmf-dist/tex/latex/psnfss/omlzplm.fd
File: omlzplm.fd 2002/09/08 Fontinst v1.914 font definitions for OML/zplm.
)
LaTeX Font Info:    Try loading font information for OMS+zplm on input line 23.


(/usr/local/texlive/2013/texmf-dist/tex/latex/psnfss/omszplm.fd
File: omszplm.fd 2002/09/08 Fontinst v1.914 font definitions for OMS/zplm.
)
LaTeX Font Info:    Try loading font information for OMX+zplm on input line 23.


(/usr/local/texlive/2013/texmf-dist/tex/latex/psnfss/omxzplm.fd
File: omxzplm.fd 2002/09/08 Fontinst v1.914 font definitions for OMX/zplm.
)
LaTeX Font Info:    Try loading font information for OT1+zplm on input line 23.


(/usr/local/texlive/2013/texmf-dist/tex/latex/psnfss/ot1zplm.fd
File: ot1zplm.fd 2002/09/08 Fontinst v1.914 font definitions for OT1/zplm.
)
LaTeX Font Info:    Font shape `U/msa/m/n' will be
(Font)              scaled to size 15.0049pt on input line 23.
LaTeX Font Info:    Font shape `U/msa/m/n' will be
(Font)              scaled to size 10.42007pt on input line 23.
LaTeX Font Info:    Font shape `U/msa/m/n' will be
(Font)              scaled to size 8.33606pt on input line 23.
LaTeX Font Info:    Font shape `U/msb/m/n' will be
(Font)              scaled to size 15.0049pt on input line 23.
LaTeX Font Info:    Font shape `U/msb/m/n' will be
(Font)              scaled to size 10.42007pt on input line 23.
LaTeX Font Info:    Font shape `U/msb/m/n' will be
(Font)              scaled to size 8.33606pt on input line 23.
LaTeX Font Info:    Font shape `OT1/ppl/bx/n' in size <17.28> not available
(Font)              Font shape `OT1/ppl/b/n' tried instead on input line 25.
LaTeX Font Info:    Font shape `OT1/ppl/bx/n' in size <12> not available
(Font)              Font shape `OT1/ppl/b/n' tried instead on input line 31.

<a_mean_face.jpg, id=12, 1204.5pt x 904.37875pt>
File: a_mean_face.jpg Graphic file (type jpg)
 <use a_mean_face.jpg>
Package pdftex.def Info: a_mean_face.jpg used on input line 34.
(pdftex.def)             Requested size: 240.89574pt x 180.87254pt.
LaTeX Font Info:    Font shape `U/msa/m/n' will be
(Font)              scaled to size 12.50409pt on input line 39.
LaTeX Font Info:    Font shape `U/msa/m/n' will be
(Font)              scaled to size 9.37807pt on input line 39.
LaTeX Font Info:    Font shape `U/msa/m/n' will be
(Font)              scaled to size 7.29405pt on input line 39.
LaTeX Font Info:    Font shape `U/msb/m/n' will be
(Font)              scaled to size 12.50409pt on input line 39.
LaTeX Font Info:    Font shape `U/msb/m/n' will be
(Font)              scaled to size 9.37807pt on input line 39.
LaTeX Font Info:    Font shape `U/msb/m/n' will be
(Font)              scaled to size 7.29405pt on input line 39.

<a_first20eigenface.jpg, id=13, 1204.5pt x 904.37875pt>
File: a_first20eigenface.jpg Graphic file (type jpg)

<use a_first20eigenface.jpg>
Package pdftex.def Info: a_first20eigenface.jpg used on input line 45.
(pdftex.def)             Requested size: 361.35278pt x 271.31572pt.

Underfull \hbox (badness 10000) in paragraph at lines 39--47

 []

[1

 <./a_mean_face.jpg>] <a_reconstrustface.jpg, id=28, 1204.5pt x 904.37875pt>
File: a_reconstrustface.jpg Graphic file (type jpg)

<use a_reconstrustface.jpg>
Package pdftex.def Info: a_reconstrustface.jpg used on input line 53.
(pdftex.def)             Requested size: 361.35278pt x 271.31572pt.

Underfull \hbox (badness 10000) in paragraph at lines 50--55

 []

[2 <./a_first20eigenface.jpg>]
<a_reconstructerror.jpg, id=38, 1204.5pt x 904.37875pt>
File: a_reconstructerror.jpg Graphic file (type jpg)

<use a_reconstructerror.jpg>
Package pdftex.def Info: a_reconstructerror.jpg used on input line 61.
(pdftex.def)             Requested size: 240.89574pt x 180.87254pt.

Underfull \hbox (badness 10000) in paragraph at lines 58--63

 []

[3 <./a_reconstrustface.jpg>] <b_mean_lm.jpg, id=45, 1204.5pt x 904.37875pt>
File: b_mean_lm.jpg Graphic file (type jpg)

<use b_mean_lm.jpg>
Package pdftex.def Info: b_mean_lm.jpg used on input line 71.
(pdftex.def)             Requested size: 240.89574pt x 180.87254pt.
 <b_eigenlm1.jpg, id=46, 1204.5pt x 904.37875pt>
File: b_eigenlm1.jpg Graphic file (type jpg)

<use b_eigenlm1.jpg>
Package pdftex.def Info: b_eigenlm1.jpg used on input line 77.
(pdftex.def)             Requested size: 180.6672pt x 135.65096pt.
 <b_eigenlm2.jpg, id=47, 1204.5pt x 904.37875pt>
File: b_eigenlm2.jpg Graphic file (type jpg)

<use b_eigenlm2.jpg>
Package pdftex.def Info: b_eigenlm2.jpg used on input line 78.
(pdftex.def)             Requested size: 180.6672pt x 135.65096pt.
 <b_eigenlm3.jpg, id=48, 1204.5pt x 904.37875pt>
File: b_eigenlm3.jpg Graphic file (type jpg)

<use b_eigenlm3.jpg>
Package pdftex.def Info: b_eigenlm3.jpg used on input line 79.
(pdftex.def)             Requested size: 180.6672pt x 135.65096pt.
 <b_eigenlm4.jpg, id=49, 1204.5pt x 904.37875pt>
File: b_eigenlm4.jpg Graphic file (type jpg)

<use b_eigenlm4.jpg>
Package pdftex.def Info: b_eigenlm4.jpg used on input line 80.
(pdftex.def)             Requested size: 180.6672pt x 135.65096pt.
 <b_eigenlm5.jpg, id=50, 1204.5pt x 904.37875pt>
File: b_eigenlm5.jpg Graphic file (type jpg)

<use b_eigenlm5.jpg>
Package pdftex.def Info: b_eigenlm5.jpg used on input line 81.
(pdftex.def)             Requested size: 180.6672pt x 135.65096pt.
 [4 <./a_reconstructerror.jpg> <./b_mean_lm.jpg>]
<b_com_face_lm1.jpg, id=58, 1204.5pt x 904.37875pt>
File: b_com_face_lm1.jpg Graphic file (type jpg)
 <use b_com_face_lm1.jpg>
Package pdftex.def Info: b_com_face_lm1.jpg used on input line 88.
(pdftex.def)             Requested size: 216.80064pt x 162.78114pt.

<b_com_face_lm2.jpg, id=59, 1204.5pt x 904.37875pt>
File: b_com_face_lm2.jpg Graphic file (type jpg)
 <use b_com_face_lm2.jpg>
Package pdftex.def Info: b_com_face_lm2.jpg used on input line 89.
(pdftex.def)             Requested size: 216.80064pt x 162.78114pt.

<b_com_face_lm3.jpg, id=60, 1204.5pt x 904.37875pt>
File: b_com_face_lm3.jpg Graphic file (type jpg)
 <use b_com_face_lm3.jpg>
Package pdftex.def Info: b_com_face_lm3.jpg used on input line 90.
(pdftex.def)             Requested size: 216.80064pt x 162.78114pt.

<b_com_face_lm4.jpg, id=61, 1204.5pt x 904.37875pt>
File: b_com_face_lm4.jpg Graphic file (type jpg)
 <use b_com_face_lm4.jpg>
Package pdftex.def Info: b_com_face_lm4.jpg used on input line 91.
(pdftex.def)             Requested size: 216.80064pt x 162.78114pt.

<b_com_face_lm5.jpg, id=62, 1204.5pt x 904.37875pt>
File: b_com_face_lm5.jpg Graphic file (type jpg)
 <use b_com_face_lm5.jpg>
Package pdftex.def Info: b_com_face_lm5.jpg used on input line 92.
(pdftex.def)             Requested size: 216.80064pt x 162.78114pt.

<b_com_face_lm6.jpg, id=63, 1204.5pt x 904.37875pt>
File: b_com_face_lm6.jpg Graphic file (type jpg)
 <use b_com_face_lm6.jpg>
Package pdftex.def Info: b_com_face_lm6.jpg used on input line 93.
(pdftex.def)             Requested size: 216.80064pt x 162.78114pt.

<b_com_face_lm7.jpg, id=64, 1204.5pt x 904.37875pt>
File: b_com_face_lm7.jpg Graphic file (type jpg)
 <use b_com_face_lm7.jpg>
Package pdftex.def Info: b_com_face_lm7.jpg used on input line 94.
(pdftex.def)             Requested size: 216.80064pt x 162.78114pt.

<b_com_face_lm8.jpg, id=65, 1204.5pt x 904.37875pt>
File: b_com_face_lm8.jpg Graphic file (type jpg)
 <use b_com_face_lm8.jpg>
Package pdftex.def Info: b_com_face_lm8.jpg used on input line 95.
(pdftex.def)             Requested size: 216.80064pt x 162.78114pt.

[5 <./b_eigenlm1.jpg> <./b_eigenlm2.jpg> <./b_eigenlm3.jpg> <./b_eigenlm4.jpg> 
<./b_eigenlm5.jpg>]
Overfull \vbox (65.92853pt too high) has occurred while \output is active []


[6 <./b_com_face_lm1.jpg> <./b_com_face_lm2.jpg> <./b_com_face_lm3.jpg> <./b_co
m_face_lm4.jpg> <./b_com_face_lm5.jpg> <./b_com_face_lm6.jpg> <./b_com_face_lm7
.jpg> <./b_com_face_lm8.jpg>]
<b_com_face_lm9.jpg, id=76, 1204.5pt x 904.37875pt>
File: b_com_face_lm9.jpg Graphic file (type jpg)
 <use b_com_face_lm9.jpg>
Package pdftex.def Info: b_com_face_lm9.jpg used on input line 101.
(pdftex.def)             Requested size: 216.80064pt x 162.78114pt.

<b_com_face_lm10.jpg, id=77, 1204.5pt x 904.37875pt>
File: b_com_face_lm10.jpg Graphic file (type jpg)
 <use b_com_face_lm10.jpg>
Package pdftex.def Info: b_com_face_lm10.jpg used on input line 102.
(pdftex.def)             Requested size: 216.80064pt x 162.78114pt.

<b_com_face_lm11.jpg, id=78, 1204.5pt x 904.37875pt>
File: b_com_face_lm11.jpg Graphic file (type jpg)
 <use b_com_face_lm11.jpg>
Package pdftex.def Info: b_com_face_lm11.jpg used on input line 103.
(pdftex.def)             Requested size: 216.80064pt x 162.78114pt.

<b_com_face_lm12.jpg, id=79, 1204.5pt x 904.37875pt>
File: b_com_face_lm12.jpg Graphic file (type jpg)
 <use b_com_face_lm12.jpg>
Package pdftex.def Info: b_com_face_lm12.jpg used on input line 104.
(pdftex.def)             Requested size: 216.80064pt x 162.78114pt.

<b_com_face_lm13.jpg, id=80, 1204.5pt x 904.37875pt>
File: b_com_face_lm13.jpg Graphic file (type jpg)
 <use b_com_face_lm13.jpg>
Package pdftex.def Info: b_com_face_lm13.jpg used on input line 105.
(pdftex.def)             Requested size: 216.80064pt x 162.78114pt.

<b_reconstructerror_lm.jpg, id=81, 1204.5pt x 904.37875pt>
File: b_reconstructerror_lm.jpg Graphic file (type jpg)

<use b_reconstructerror_lm.jpg>
Package pdftex.def Info: b_reconstructerror_lm.jpg used on input line 112.
(pdftex.def)             Requested size: 240.89574pt x 180.87254pt.
 [7 <./b_com_face_lm9.jpg> <./b_com_face_lm10.jpg> <./b_com_face_lm11.jpg> <./b
_com_face_lm12.jpg> <./b_com_face_lm13.jpg>]
<c_eigenface_wf.jpg, id=88, 1204.5pt x 904.37875pt>
File: c_eigenface_wf.jpg Graphic file (type jpg)
 <use c_eigenface_wf.jpg>
Package pdftex.def Info: c_eigenface_wf.jpg used on input line 120.
(pdftex.def)             Requested size: 301.12427pt x 226.09413pt.

[8 <./b_reconstructerror_lm.jpg> <./c_eigenface_wf.jpg>]
<c_rec_face_wf1.jpg, id=96, 1204.5pt x 904.37875pt>
File: c_rec_face_wf1.jpg Graphic file (type jpg)
 <use c_rec_face_wf1.jpg>
Package pdftex.def Info: c_rec_face_wf1.jpg used on input line 128.
(pdftex.def)             Requested size: 216.80064pt x 162.78114pt.

<c_rec_face_wf2.jpg, id=97, 1204.5pt x 904.37875pt>
File: c_rec_face_wf2.jpg Graphic file (type jpg)
 <use c_rec_face_wf2.jpg>
Package pdftex.def Info: c_rec_face_wf2.jpg used on input line 129.
(pdftex.def)             Requested size: 216.80064pt x 162.78114pt.

<c_rec_face_wf3.jpg, id=98, 1204.5pt x 904.37875pt>
File: c_rec_face_wf3.jpg Graphic file (type jpg)
 <use c_rec_face_wf3.jpg>
Package pdftex.def Info: c_rec_face_wf3.jpg used on input line 130.
(pdftex.def)             Requested size: 216.80064pt x 162.78114pt.

<c_rec_face_wf4.jpg, id=99, 1204.5pt x 904.37875pt>
File: c_rec_face_wf4.jpg Graphic file (type jpg)
 <use c_rec_face_wf4.jpg>
Package pdftex.def Info: c_rec_face_wf4.jpg used on input line 131.
(pdftex.def)             Requested size: 216.80064pt x 162.78114pt.

<c_rec_face_wf5.jpg, id=100, 1204.5pt x 904.37875pt>
File: c_rec_face_wf5.jpg Graphic file (type jpg)
 <use c_rec_face_wf5.jpg>
Package pdftex.def Info: c_rec_face_wf5.jpg used on input line 137.
(pdftex.def)             Requested size: 216.80064pt x 162.78114pt.

<c_rec_face_wf6.jpg, id=101, 1204.5pt x 904.37875pt>
File: c_rec_face_wf6.jpg Graphic file (type jpg)
 <use c_rec_face_wf6.jpg>
Package pdftex.def Info: c_rec_face_wf6.jpg used on input line 138.
(pdftex.def)             Requested size: 216.80064pt x 162.78114pt.

<c_rec_face_wf7.jpg, id=102, 1204.5pt x 904.37875pt>
File: c_rec_face_wf7.jpg Graphic file (type jpg)
 <use c_rec_face_wf7.jpg>
Package pdftex.def Info: c_rec_face_wf7.jpg used on input line 139.
(pdftex.def)             Requested size: 216.80064pt x 162.78114pt.

<c_rec_face_wf8.jpg, id=103, 1204.5pt x 904.37875pt>
File: c_rec_face_wf8.jpg Graphic file (type jpg)
 <use c_rec_face_wf8.jpg>
Package pdftex.def Info: c_rec_face_wf8.jpg used on input line 140.
(pdftex.def)             Requested size: 216.80064pt x 162.78114pt.

<c_rec_face_wf9.jpg, id=104, 1204.5pt x 904.37875pt>
File: c_rec_face_wf9.jpg Graphic file (type jpg)
 <use c_rec_face_wf9.jpg>
Package pdftex.def Info: c_rec_face_wf9.jpg used on input line 141.
(pdftex.def)             Requested size: 216.80064pt x 162.78114pt.

<c_rec_face_wf10.jpg, id=105, 1204.5pt x 904.37875pt>
File: c_rec_face_wf10.jpg Graphic file (type jpg)

<use c_rec_face_wf10.jpg>
Package pdftex.def Info: c_rec_face_wf10.jpg used on input line 142.
(pdftex.def)             Requested size: 216.80064pt x 162.78114pt.

<c_rec_face_wf11.jpg, id=106, 1204.5pt x 904.37875pt>
File: c_rec_face_wf11.jpg Graphic file (type jpg)

<use c_rec_face_wf11.jpg>
Package pdftex.def Info: c_rec_face_wf11.jpg used on input line 143.
(pdftex.def)             Requested size: 216.80064pt x 162.78114pt.

<c_rec_face_wf12.jpg, id=107, 1204.5pt x 904.37875pt>
File: c_rec_face_wf12.jpg Graphic file (type jpg)

<use c_rec_face_wf12.jpg>
Package pdftex.def Info: c_rec_face_wf12.jpg used on input line 144.
(pdftex.def)             Requested size: 216.80064pt x 162.78114pt.
 [9 <./c_rec_face_wf1.jpg> <./c_rec_face_wf2.jpg> <./c_rec_face_wf3.jpg> <./c_r
ec_face_wf4.jpg>]
Overfull \vbox (65.92853pt too high) has occurred while \output is active []


[10 <./c_rec_face_wf5.jpg> <./c_rec_face_wf6.jpg> <./c_rec_face_wf7.jpg> <./c_r
ec_face_wf8.jpg> <./c_rec_face_wf9.jpg> <./c_rec_face_wf10.jpg> <./c_rec_face_w
f11.jpg> <./c_rec_face_wf12.jpg>]
<c_rec_face_wf13.jpg, id=118, 1204.5pt x 904.37875pt>
File: c_rec_face_wf13.jpg Graphic file (type jpg)

<use c_rec_face_wf13.jpg>
Package pdftex.def Info: c_rec_face_wf13.jpg used on input line 150.
(pdftex.def)             Requested size: 216.80064pt x 162.78114pt.

<c_rec_face_wf14.jpg, id=119, 1204.5pt x 904.37875pt>
File: c_rec_face_wf14.jpg Graphic file (type jpg)

<use c_rec_face_wf14.jpg>
Package pdftex.def Info: c_rec_face_wf14.jpg used on input line 151.
(pdftex.def)             Requested size: 216.80064pt x 162.78114pt.
 <rc_wf_error.jpg, id=120, 1204.5pt x 904.37875pt>
File: rc_wf_error.jpg Graphic file (type jpg)

<use rc_wf_error.jpg>
Package pdftex.def Info: rc_wf_error.jpg used on input line 159.
(pdftex.def)             Requested size: 301.12427pt x 226.09413pt.
 <d_random_face.jpg, id=121, 1204.5pt x 904.37875pt>
File: d_random_face.jpg Graphic file (type jpg)

<use d_random_face.jpg>
Package pdftex.def Info: d_random_face.jpg used on input line 167.
(pdftex.def)             Requested size: 301.12427pt x 226.09413pt.
 [11 <./c_rec_face_wf13.jpg> <./c_rec_face_wf14.jpg> <./rc_wf_error.jpg>] <a_fi
sher_direct.jpg, id=130, 546.04pt x 391.4625pt>
File: a_fisher_direct.jpg Graphic file (type jpg)

<use a_fisher_direct.jpg>
Package pdftex.def Info: a_fisher_direct.jpg used on input line 179.
(pdftex.def)             Requested size: 273.01933pt x 195.73076pt.

Overfull \hbox (13.41223pt too wide) in paragraph at lines 176--181
\OT1/cmtt/m/n/12 Courses / UCLA / Stat _ 231 / Project _ I / compute % 20the % 
20Fisher % 20Face . pdf$[]\OT1/ppl/m/n/12 . The
 []

[12 <./d_random_face.jpg>] <a_fisher_pca10.jpg, id=140, 562.1pt x 421.575pt>
File: a_fisher_pca10.jpg Graphic file (type jpg)

<use a_fisher_pca10.jpg>
Package pdftex.def Info: a_fisher_pca10.jpg used on input line 189.
(pdftex.def)             Requested size: 281.04932pt x 210.78697pt.
 <a_fisher_pca50.jpg, id=141, 562.1pt x 421.575pt>
File: a_fisher_pca50.jpg Graphic file (type jpg)

<use a_fisher_pca50.jpg>
Package pdftex.def Info: a_fisher_pca50.jpg used on input line 194.
(pdftex.def)             Requested size: 281.04932pt x 210.78697pt.
 [13 <./a_fisher_direct.jpg>]
<b_fisher_pca10.jpg, id=149, 546.04pt x 371.3875pt>
File: b_fisher_pca10.jpg Graphic file (type jpg)
 <use b_fisher_pca10.jpg>
Package pdftex.def Info: b_fisher_pca10.jpg used on input line 204.
(pdftex.def)             Requested size: 273.01933pt x 185.69328pt.

<b_fisher_pca50.jpg, id=150, 546.04pt x 391.4625pt>
File: b_fisher_pca50.jpg Graphic file (type jpg)
 <use b_fisher_pca50.jpg>
Package pdftex.def Info: b_fisher_pca50.jpg used on input line 209.
(pdftex.def)             Requested size: 273.01933pt x 195.73076pt.

[14 <./a_fisher_pca10.jpg> <./a_fisher_pca50.jpg>] [15 <./b_fisher_pca10.jpg> <
./b_fisher_pca50.jpg>]
Package atveryend Info: Empty hook `BeforeClearDocument' on input line 217.
Package atveryend Info: Empty hook `AfterLastShipout' on input line 217.
 (./project_report.aux)
Package atveryend Info: Executing hook `AtVeryEndDocument' on input line 217.
Package atveryend Info: Executing hook `AtEndAfterFileList' on input line 217.
Package rerunfilecheck Info: File `project_report.out' has not changed.
(rerunfilecheck)             Checksum: 88EE35819D113391FF6E14AC725970AC;126.
 ) 
Here is how much of TeX's memory you used:
 14810 strings out of 493315
 239434 string characters out of 6137904
 310004 words of memory out of 5000000
 17874 multiletter control sequences out of 15000+600000
 28633 words of font info for 84 fonts, out of 8000000 for 9000
 957 hyphenation exceptions out of 8191
 40i,7n,33p,853b,846s stack positions out of 5000i,500n,10000p,200000b,80000s
{/usr/local/texlive/2013/texmf-dist/fonts/enc/dvips/base/8r.enc}</usr/local/t
exlive/2013/texmf-dist/fonts/type1/public/amsfonts/cm/cmmi10.pfb></usr/local/te
xlive/2013/texmf-dist/fonts/type1/public/amsfonts/cm/cmr10.pfb></usr/local/texl
ive/2013/texmf-dist/fonts/type1/public/amsfonts/cm/cmsy10.pfb></usr/local/texli
ve/2013/texmf-dist/fonts/type1/public/amsfonts/cm/cmtt12.pfb></usr/local/texliv
e/2013/texmf-dist/fonts/type1/public/mathpazo/fplmr.pfb></usr/local/texlive/201
3/texmf-dist/fonts/type1/public/mathpazo/fplmri.pfb></usr/local/texlive/2013/te
xmf-dist/fonts/type1/urw/palatino/uplb8a.pfb></usr/local/texlive/2013/texmf-dis
t/fonts/type1/urw/palatino/uplr8a.pfb></usr/local/texlive/2013/texmf-dist/fonts
/type1/urw/palatino/uplri8a.pfb>
Output written on project_report.pdf (15 pages, 2413686 bytes).
PDF statistics:
 210 PDF objects out of 1000 (max. 8388607)
 136 compressed objects within 2 object streams
 50 named destinations out of 1000 (max. 500000)
 247 words of extra memory for PDF output out of 10000 (max. 10000000)

